[1.001s] Invoking command in '/home/ashish/My_Lab/ROS/surgical_robotic_arm/build/surgical_robotic_arm': PYTHONPATH=/home/ashish/My_Lab/ROS/surgical_robotic_arm/build/surgical_robotic_arm/prefix_override:/usr/lib/python3/dist-packages/colcon_core/task/python/colcon_distutils_commands:/home/ashish/My_Lab/ROS/surgical_robotic_arm/install/surgical_robotic_arm/lib/python3.10/site-packages:${PYTHONPATH} /usr/bin/python3 -W ignore:setup.py install is deprecated -W ignore:easy_install command is deprecated setup.py develop --editable --build-directory /home/ashish/My_Lab/ROS/surgical_robotic_arm/build/surgical_robotic_arm/build --no-deps symlink_data
[1.463s] running develop
[1.811s] running egg_info
[1.844s] creating surgical_robotic_arm.egg-info
[1.844s] writing surgical_robotic_arm.egg-info/PKG-INFO
[1.845s] writing dependency_links to surgical_robotic_arm.egg-info/dependency_links.txt
[1.845s] writing entry points to surgical_robotic_arm.egg-info/entry_points.txt
[1.845s] writing requirements to surgical_robotic_arm.egg-info/requires.txt
[1.845s] writing top-level names to surgical_robotic_arm.egg-info/top_level.txt
[1.845s] writing manifest file 'surgical_robotic_arm.egg-info/SOURCES.txt'
[1.901s] reading manifest file 'surgical_robotic_arm.egg-info/SOURCES.txt'
[1.902s] writing manifest file 'surgical_robotic_arm.egg-info/SOURCES.txt'
[1.936s] running build_ext
[1.937s] Creating /home/ashish/My_Lab/ROS/surgical_robotic_arm/install/surgical_robotic_arm/lib/python3.10/site-packages/surgical-robotic-arm.egg-link (link to .)
[1.937s] Installing inverse_kinematics script to /home/ashish/My_Lab/ROS/surgical_robotic_arm/install/surgical_robotic_arm/lib/surgical_robotic_arm
[1.938s] 
[1.938s] Installed /home/ashish/My_Lab/ROS/surgical_robotic_arm/build/surgical_robotic_arm
[1.938s] running symlink_data
[1.938s] creating /home/ashish/My_Lab/ROS/surgical_robotic_arm/install/surgical_robotic_arm/share/ament_index/resource_index/packages
[1.939s] symbolically linking /home/ashish/My_Lab/ROS/surgical_robotic_arm/build/surgical_robotic_arm/resource/surgical_robotic_arm -> /home/ashish/My_Lab/ROS/surgical_robotic_arm/install/surgical_robotic_arm/share/ament_index/resource_index/packages
[1.939s] symbolically linking /home/ashish/My_Lab/ROS/surgical_robotic_arm/build/surgical_robotic_arm/package.xml -> /home/ashish/My_Lab/ROS/surgical_robotic_arm/install/surgical_robotic_arm/share/surgical_robotic_arm
[1.939s] creating /home/ashish/My_Lab/ROS/surgical_robotic_arm/install/surgical_robotic_arm/share/surgical_robotic_arm/launch
[1.939s] symbolically linking /home/ashish/My_Lab/ROS/surgical_robotic_arm/build/surgical_robotic_arm/launch/display.launch.py -> /home/ashish/My_Lab/ROS/surgical_robotic_arm/install/surgical_robotic_arm/share/surgical_robotic_arm/launch
[1.939s] creating /home/ashish/My_Lab/ROS/surgical_robotic_arm/install/surgical_robotic_arm/share/surgical_robotic_arm/urdf
[1.939s] symbolically linking /home/ashish/My_Lab/ROS/surgical_robotic_arm/build/surgical_robotic_arm/urdf/robotic_arm.urdf -> /home/ashish/My_Lab/ROS/surgical_robotic_arm/install/surgical_robotic_arm/share/surgical_robotic_arm/urdf
[1.972s] Invoked command in '/home/ashish/My_Lab/ROS/surgical_robotic_arm/build/surgical_robotic_arm' returned '0': PYTHONPATH=/home/ashish/My_Lab/ROS/surgical_robotic_arm/build/surgical_robotic_arm/prefix_override:/usr/lib/python3/dist-packages/colcon_core/task/python/colcon_distutils_commands:/home/ashish/My_Lab/ROS/surgical_robotic_arm/install/surgical_robotic_arm/lib/python3.10/site-packages:${PYTHONPATH} /usr/bin/python3 -W ignore:setup.py install is deprecated -W ignore:easy_install command is deprecated setup.py develop --editable --build-directory /home/ashish/My_Lab/ROS/surgical_robotic_arm/build/surgical_robotic_arm/build --no-deps symlink_data
